<?xml version="1.0" encoding="UTF-8"?>
<!-- Generated by org.testng.reporters.JUnitReportReporter -->
<testsuite skipped="0" hostname="QKSRVSH05" name="com.herokuapp.internet.PositiveTests" tests="1" failures="0" timestamp="2020-12-15T17:36:15 IST" time="11.287" errors="0">
  <testcase name="loginTests" time="11.287" classname="com.herokuapp.internet.PositiveTests"/>
  <system-out/>
</testsuite> <!-- com.herokuapp.internet.PositiveTests -->
