<?xml version="1.0" encoding="UTF-8"?>
<!-- Generated by org.testng.reporters.JUnitReportReporter -->
<testsuite skipped="0" hostname="QKSRVSH05" name="com.herokuapp.internet.NegativeTests" tests="2" failures="0" timestamp="2020-12-16T10:44:54 IST" time="21.446" errors="0">
  <testcase name="IncorrectUsername" time="9.894" classname="com.herokuapp.internet.NegativeTests"/>
  <system-out/>
  <testcase name="IncorrectPassword" time="11.552" classname="com.herokuapp.internet.NegativeTests"/>
  <system-out/>
</testsuite> <!-- com.herokuapp.internet.NegativeTests -->
